17:05:56.047 [main} DEBUG org.testng.TestNG - suiteXmlPath: "C:\Users\santh\eclipse-workspace\OpencartV1.0\master.xml"
17:05:56.401 [main} INFO  org.testng.internal.Utils - [TestNG] Running:
  C:\Users\santh\eclipse-workspace\OpencartV1.0\master.xml

17:06:00.120 [main} INFO  testCases.TC002_LoginTest - ****** Starting TC_002 Login Page Test ******
17:06:01.832 [main} INFO  testCases.TC002_LoginTest - ****** Completed TC_002 Login Page Test ******
20:58:55.691 [main} DEBUG org.testng.TestNG - suiteXmlPath: "C:\Users\santh\eclipse-workspace\OpencartV1.0\groupping.xml"
20:58:56.164 [main} INFO  org.testng.internal.Utils - [TestNG] Running:
  C:\Users\santh\eclipse-workspace\OpencartV1.0\groupping.xml

20:58:59.320 [main} INFO  testCases.TC001_AccountRegistrationTest - ***** Starting TC001_AccountRegistrationTest ******
20:59:02.512 [main} INFO  testCases.TC001_AccountRegistrationTest - Clicked My Account link
20:59:03.172 [main} INFO  testCases.TC001_AccountRegistrationTest - Clicked My Register link
20:59:03.183 [main} INFO  testCases.TC001_AccountRegistrationTest - Providing customer details to register
20:59:05.348 [main} INFO  testCases.TC001_AccountRegistrationTest - Validating expected message......
20:59:05.457 [main} INFO  testCases.TC001_AccountRegistrationTest - ***** Completed TC001_AccountRegistrationTest ******
20:59:07.527 [main} INFO  testCases.TC002_LoginTest - ****** Starting TC_002 Login Page Test ******
20:59:09.153 [main} INFO  testCases.TC002_LoginTest - ****** Completed TC_002 Login Page Test ******
13:19:02.490 [main} DEBUG org.testng.TestNG - suiteXmlPath: "C:\Users\santh\eclipse-workspace\OpencartV1.0\groupping.xml"
13:19:02.973 [main} INFO  org.testng.internal.Utils - [TestNG] Running:
  C:\Users\santh\eclipse-workspace\OpencartV1.0\groupping.xml

13:19:06.504 [main} INFO  testCases.TC001_AccountRegistrationTest - ***** Starting TC001_AccountRegistrationTest ******
13:19:09.878 [main} INFO  testCases.TC001_AccountRegistrationTest - Clicked My Account link
13:19:10.562 [main} INFO  testCases.TC001_AccountRegistrationTest - Clicked My Register link
13:19:10.602 [main} INFO  testCases.TC001_AccountRegistrationTest - Providing customer details to register
13:19:12.339 [main} INFO  testCases.TC001_AccountRegistrationTest - Validating expected message......
13:19:12.482 [main} INFO  testCases.TC001_AccountRegistrationTest - ***** Completed TC001_AccountRegistrationTest ******
13:19:14.702 [main} INFO  testCases.TC002_LoginTest - ****** Starting TC_002 Login Page Test ******
13:19:17.066 [main} INFO  testCases.TC002_LoginTest - ****** Completed TC_002 Login Page Test ******
13:21:43.048 [main} DEBUG org.testng.TestNG - suiteXmlPath: "C:\Users\santh\eclipse-workspace\OpencartV1.0\groupping.xml"
13:21:43.425 [main} INFO  org.testng.internal.Utils - [TestNG] Running:
  C:\Users\santh\eclipse-workspace\OpencartV1.0\groupping.xml

13:21:46.301 [main} INFO  testCases.TC001_AccountRegistrationTest - ***** Starting TC001_AccountRegistrationTest ******
13:21:49.454 [main} INFO  testCases.TC001_AccountRegistrationTest - Clicked My Account link
13:21:49.948 [main} INFO  testCases.TC001_AccountRegistrationTest - Clicked My Register link
13:21:49.952 [main} INFO  testCases.TC001_AccountRegistrationTest - Providing customer details to register
13:21:51.861 [main} INFO  testCases.TC001_AccountRegistrationTest - Validating expected message......
13:21:51.927 [main} INFO  testCases.TC001_AccountRegistrationTest - ***** Completed TC001_AccountRegistrationTest ******
13:21:53.918 [main} INFO  testCases.TC002_LoginTest - ****** Starting TC_002 Login Page Test ******
16:13:31.183 [main} DEBUG org.testng.TestNG - suiteXmlPath: "C:\Users\santh\eclipse-workspace\OpencartV1.0\master.xml"
16:15:20.228 [main} DEBUG org.testng.TestNG - suiteXmlPath: "C:\Users\santh\eclipse-workspace\OpencartV1.0\master.xml"
16:15:24.015 [main} INFO  testCases.TC001_AccountRegistrationTest - ***** Starting TC001_AccountRegistrationTest ******
16:15:27.353 [main} INFO  testCases.TC001_AccountRegistrationTest - Clicked My Account link
16:15:28.048 [main} INFO  testCases.TC001_AccountRegistrationTest - Clicked My Register link
16:15:28.091 [main} INFO  testCases.TC001_AccountRegistrationTest - Providing customer details to register
16:15:29.752 [main} INFO  testCases.TC001_AccountRegistrationTest - Validating expected message......
16:15:29.868 [main} INFO  testCases.TC001_AccountRegistrationTest - ***** Completed TC001_AccountRegistrationTest ******
16:15:33.943 [main} INFO  testCases.TC002_LoginTest - ****** Starting TC_002 Login Page Test ******
16:15:35.697 [main} INFO  testCases.TC002_LoginTest - ****** Completed TC_002 Login Page Test ******
16:35:14.902 [main} DEBUG org.testng.TestNG - suiteXmlPath: "C:\Users\santh\eclipse-workspace\OpencartV1.0\master.xml"
16:35:18.712 [main} INFO  testCases.TC001_AccountRegistrationTest - ***** Starting TC001_AccountRegistrationTest ******
16:35:22.001 [main} INFO  testCases.TC001_AccountRegistrationTest - Clicked My Account link
16:35:22.773 [main} INFO  testCases.TC001_AccountRegistrationTest - Clicked My Register link
16:35:22.779 [main} INFO  testCases.TC001_AccountRegistrationTest - Providing customer details to register
16:35:24.483 [main} INFO  testCases.TC001_AccountRegistrationTest - Validating expected message......
16:35:24.608 [main} INFO  testCases.TC001_AccountRegistrationTest - ***** Completed TC001_AccountRegistrationTest ******
16:35:26.971 [main} INFO  testCases.TC002_LoginTest - ****** Starting TC_002 Login Page Test ******
16:35:28.812 [main} INFO  testCases.TC002_LoginTest - ****** Completed TC_002 Login Page Test ******
16:45:12.834 [main} DEBUG org.testng.TestNG - suiteXmlPath: "C:\Users\santh\eclipse-workspace\OpencartV1.0\master.xml"
16:45:17.483 [main} INFO  testCases.TC001_AccountRegistrationTest - ***** Starting TC001_AccountRegistrationTest ******
16:45:20.792 [main} INFO  testCases.TC001_AccountRegistrationTest - Clicked My Account link
16:45:21.528 [main} INFO  testCases.TC001_AccountRegistrationTest - Clicked My Register link
16:45:21.532 [main} INFO  testCases.TC001_AccountRegistrationTest - Providing customer details to register
16:45:23.230 [main} INFO  testCases.TC001_AccountRegistrationTest - Validating expected message......
16:45:23.352 [main} INFO  testCases.TC001_AccountRegistrationTest - ***** Completed TC001_AccountRegistrationTest ******
16:45:26.070 [main} INFO  testCases.TC002_LoginTest - ****** Starting TC_002 Login Page Test ******
16:45:27.864 [main} INFO  testCases.TC002_LoginTest - ****** Completed TC_002 Login Page Test ******
